The system is: Darwin - 21.2.0 - x86_64
Compiling the C compiler identification source file "CMakeCCompilerId.c" succeeded.
Compiler:  
Build flags: 
Id flags:  

The output was:
0
Command line invocation:
    /Applications/Xcode.app/Contents/Developer/usr/bin/xcodebuild

User defaults from command line:
    IDEPackageSupportUseBuiltinSCM = YES

note: Using new build system
note: Planning
Analyze workspace

Create build description
Build description signature: 26881c9a4c0da785d5e5b3c1610b2e22
Build description path: /Users/andreweells/Dropbox/My Mac (Andrew’s MacBook Pro)/Documents/Class Files/2021-2022/SP22/CIS 308/6_PointersToPointers/Lab06/build/CMakeFiles/3.21.5/CompilerIdC/./XCBuildData/26881c9a4c0da785d5e5b3c1610b2e22-desc.xcbuild

note: Build preparation complete
warning: Building targets in manual order is deprecated - check "Parallelize build for command-line builds" in the project editor, or set DISABLE_MANUAL_TARGET_ORDER_BUILD_WARNING in any of the targets in the current build to suppress this warning
CreateBuildDirectory /Users/andreweells/Dropbox/My\ Mac\ (Andrew’s\ MacBook\ Pro)/Documents/Class\ Files/2021-2022/SP22/CIS\ 308/6_PointersToPointers/Lab06/build/CMakeFiles/3.21.5/CompilerIdC
    cd /Users/andreweells/Dropbox/My\ Mac\ \(Andrew’s\ MacBook\ Pro\)/Documents/Class\ Files/2021-2022/SP22/CIS\ 308/6_PointersToPointers/Lab06/build/CMakeFiles/3.21.5/CompilerIdC/CompilerIdC.xcodeproj
    builtin-create-build-directory /Users/andreweells/Dropbox/My\ Mac\ \(Andrew’s\ MacBook\ Pro\)/Documents/Class\ Files/2021-2022/SP22/CIS\ 308/6_PointersToPointers/Lab06/build/CMakeFiles/3.21.5/CompilerIdC

warning: Traditional headermap style is no longer supported; please migrate to using separate headermaps and set 'ALWAYS_SEARCH_USER_PATHS' to NO. (in target 'CompilerIdC' from project 'CompilerIdC')
WriteAuxiliaryFile /Users/andreweells/Dropbox/My\ Mac\ (Andrew’s\ MacBook\ Pro)/Documents/Class\ Files/2021-2022/SP22/CIS\ 308/6_PointersToPointers/Lab06/build/CMakeFiles/3.21.5/CompilerIdC/CompilerIdC.build/Debug/CompilerIdC.build/CompilerIdC.hmap (in target 'CompilerIdC' from project 'CompilerIdC')
    cd /Users/andreweells/Dropbox/My\ Mac\ \(Andrew’s\ MacBook\ Pro\)/Documents/Class\ Files/2021-2022/SP22/CIS\ 308/6_PointersToPointers/Lab06/build/CMakeFiles/3.21.5/CompilerIdC
    write-file /Users/andreweells/Dropbox/My\ Mac\ \(Andrew’s\ MacBook\ Pro\)/Documents/Class\ Files/2021-2022/SP22/CIS\ 308/6_PointersToPointers/Lab06/build/CMakeFiles/3.21.5/CompilerIdC/CompilerIdC.build/Debug/CompilerIdC.build/CompilerIdC.hmap

WriteAuxiliaryFile /Users/andreweells/Dropbox/My\ Mac\ (Andrew’s\ MacBook\ Pro)/Documents/Class\ Files/2021-2022/SP22/CIS\ 308/6_PointersToPointers/Lab06/build/CMakeFiles/3.21.5/CompilerIdC/CompilerIdC.build/Debug/CompilerIdC.build/CompilerIdC-own-target-headers.hmap (in target 'CompilerIdC' from project 'CompilerIdC')
    cd /Users/andreweells/Dropbox/My\ Mac\ \(Andrew’s\ MacBook\ Pro\)/Documents/Class\ Files/2021-2022/SP22/CIS\ 308/6_PointersToPointers/Lab06/build/CMakeFiles/3.21.5/CompilerIdC
    write-file /Users/andreweells/Dropbox/My\ Mac\ \(Andrew’s\ MacBook\ Pro\)/Documents/Class\ Files/2021-2022/SP22/CIS\ 308/6_PointersToPointers/Lab06/build/CMakeFiles/3.21.5/CompilerIdC/CompilerIdC.build/Debug/CompilerIdC.build/CompilerIdC-own-target-headers.hmap

WriteAuxiliaryFile /Users/andreweells/Dropbox/My\ Mac\ (Andrew’s\ MacBook\ Pro)/Documents/Class\ Files/2021-2022/SP22/CIS\ 308/6_PointersToPointers/Lab06/build/CMakeFiles/3.21.5/CompilerIdC/CompilerIdC.build/Debug/CompilerIdC.build/all-product-headers.yaml (in target 'CompilerIdC' from project 'CompilerIdC')
    cd /Users/andreweells/Dropbox/My\ Mac\ \(Andrew’s\ MacBook\ Pro\)/Documents/Class\ Files/2021-2022/SP22/CIS\ 308/6_PointersToPointers/Lab06/build/CMakeFiles/3.21.5/CompilerIdC
    write-file /Users/andreweells/Dropbox/My\ Mac\ \(Andrew’s\ MacBook\ Pro\)/Documents/Class\ Files/2021-2022/SP22/CIS\ 308/6_PointersToPointers/Lab06/build/CMakeFiles/3.21.5/CompilerIdC/CompilerIdC.build/Debug/CompilerIdC.build/all-product-headers.yaml

WriteAuxiliaryFile /Users/andreweells/Dropbox/My\ Mac\ (Andrew’s\ MacBook\ Pro)/Documents/Class\ Files/2021-2022/SP22/CIS\ 308/6_PointersToPointers/Lab06/build/CMakeFiles/3.21.5/CompilerIdC/CompilerIdC.build/Debug/CompilerIdC.build/CompilerIdC-project-headers.hmap (in target 'CompilerIdC' from project 'CompilerIdC')
    cd /Users/andreweells/Dropbox/My\ Mac\ \(Andrew’s\ MacBook\ Pro\)/Documents/Class\ Files/2021-2022/SP22/CIS\ 308/6_PointersToPointers/Lab06/build/CMakeFiles/3.21.5/CompilerIdC
    write-file /Users/andreweells/Dropbox/My\ Mac\ \(Andrew’s\ MacBook\ Pro\)/Documents/Class\ Files/2021-2022/SP22/CIS\ 308/6_PointersToPointers/Lab06/build/CMakeFiles/3.21.5/CompilerIdC/CompilerIdC.build/Debug/CompilerIdC.build/CompilerIdC-project-headers.hmap

WriteAuxiliaryFile /Users/andreweells/Dropbox/My\ Mac\ (Andrew’s\ MacBook\ Pro)/Documents/Class\ Files/2021-2022/SP22/CIS\ 308/6_PointersToPointers/Lab06/build/CMakeFiles/3.21.5/CompilerIdC/CompilerIdC.build/Debug/CompilerIdC.build/CompilerIdC-all-non-framework-target-headers.hmap (in target 'CompilerIdC' from project 'CompilerIdC')
    cd /Users/andreweells/Dropbox/My\ Mac\ \(Andrew’s\ MacBook\ Pro\)/Documents/Class\ Files/2021-2022/SP22/CIS\ 308/6_PointersToPointers/Lab06/build/CMakeFiles/3.21.5/CompilerIdC
    write-file /Users/andreweells/Dropbox/My\ Mac\ \(Andrew’s\ MacBook\ Pro\)/Documents/Class\ Files/2021-2022/SP22/CIS\ 308/6_PointersToPointers/Lab06/build/CMakeFiles/3.21.5/CompilerIdC/CompilerIdC.build/Debug/CompilerIdC.build/CompilerIdC-all-non-framework-target-headers.hmap

WriteAuxiliaryFile /Users/andreweells/Dropbox/My\ Mac\ (Andrew’s\ MacBook\ Pro)/Documents/Class\ Files/2021-2022/SP22/CIS\ 308/6_PointersToPointers/Lab06/build/CMakeFiles/3.21.5/CompilerIdC/CompilerIdC.build/Debug/CompilerIdC.build/CompilerIdC-generated-files.hmap (in target 'CompilerIdC' from project 'CompilerIdC')
    cd /Users/andreweells/Dropbox/My\ Mac\ \(Andrew’s\ MacBook\ Pro\)/Documents/Class\ Files/2021-2022/SP22/CIS\ 308/6_PointersToPointers/Lab06/build/CMakeFiles/3.21.5/CompilerIdC
    write-file /Users/andreweells/Dropbox/My\ Mac\ \(Andrew’s\ MacBook\ Pro\)/Documents/Class\ Files/2021-2022/SP22/CIS\ 308/6_PointersToPointers/Lab06/build/CMakeFiles/3.21.5/CompilerIdC/CompilerIdC.build/Debug/CompilerIdC.build/CompilerIdC-generated-files.hmap

WriteAuxiliaryFile /Users/andreweells/Dropbox/My\ Mac\ (Andrew’s\ MacBook\ Pro)/Documents/Class\ Files/2021-2022/SP22/CIS\ 308/6_PointersToPointers/Lab06/build/CMakeFiles/3.21.5/CompilerIdC/CompilerIdC.build/Debug/CompilerIdC.build/CompilerIdC-all-target-headers.hmap (in target 'CompilerIdC' from project 'CompilerIdC')
    cd /Users/andreweells/Dropbox/My\ Mac\ \(Andrew’s\ MacBook\ Pro\)/Documents/Class\ Files/2021-2022/SP22/CIS\ 308/6_PointersToPointers/Lab06/build/CMakeFiles/3.21.5/CompilerIdC
    write-file /Users/andreweells/Dropbox/My\ Mac\ \(Andrew’s\ MacBook\ Pro\)/Documents/Class\ Files/2021-2022/SP22/CIS\ 308/6_PointersToPointers/Lab06/build/CMakeFiles/3.21.5/CompilerIdC/CompilerIdC.build/Debug/CompilerIdC.build/CompilerIdC-all-target-headers.hmap

WriteAuxiliaryFile /Users/andreweells/Dropbox/My\ Mac\ (Andrew’s\ MacBook\ Pro)/Documents/Class\ Files/2021-2022/SP22/CIS\ 308/6_PointersToPointers/Lab06/build/CMakeFiles/3.21.5/CompilerIdC/CompilerIdC.build/Debug/CompilerIdC.build/Objects-normal/x86_64/CompilerIdC.LinkFileList (in target 'CompilerIdC' from project 'CompilerIdC')
    cd /Users/andreweells/Dropbox/My\ Mac\ \(Andrew’s\ MacBook\ Pro\)/Documents/Class\ Files/2021-2022/SP22/CIS\ 308/6_PointersToPointers/Lab06/build/CMakeFiles/3.21.5/CompilerIdC
    write-file /Users/andreweells/Dropbox/My\ Mac\ \(Andrew’s\ MacBook\ Pro\)/Documents/Class\ Files/2021-2022/SP22/CIS\ 308/6_PointersToPointers/Lab06/build/CMakeFiles/3.21.5/CompilerIdC/CompilerIdC.build/Debug/CompilerIdC.build/Objects-normal/x86_64/CompilerIdC.LinkFileList

CompileC /Users/andreweells/Dropbox/My\ Mac\ (Andrew’s\ MacBook\ Pro)/Documents/Class\ Files/2021-2022/SP22/CIS\ 308/6_PointersToPointers/Lab06/build/CMakeFiles/3.21.5/CompilerIdC/CompilerIdC.build/Debug/CompilerIdC.build/Objects-normal/x86_64/CMakeCCompilerId.o /Users/andreweells/Dropbox/My\ Mac\ (Andrew’s\ MacBook\ Pro)/Documents/Class\ Files/2021-2022/SP22/CIS\ 308/6_PointersToPointers/Lab06/build/CMakeFiles/3.21.5/CompilerIdC/CMakeCCompilerId.c normal x86_64 c com.apple.compilers.llvm.clang.1_0.compiler (in target 'CompilerIdC' from project 'CompilerIdC')
    cd /Users/andreweells/Dropbox/My\ Mac\ \(Andrew’s\ MacBook\ Pro\)/Documents/Class\ Files/2021-2022/SP22/CIS\ 308/6_PointersToPointers/Lab06/build/CMakeFiles/3.21.5/CompilerIdC
    export LANG\=en_US.US-ASCII
    /Applications/Xcode.app/Contents/Developer/Toolchains/XcodeDefault.xctoolchain/usr/bin/clang -x c -target x86_64-apple-macos12.1 -fmessage-length\=0 -fdiagnostics-show-note-include-stack -fmacro-backtrace-limit\=0 -Wno-trigraphs -fpascal-strings -Os -Wno-missing-field-initializers -Wno-missing-prototypes -Wno-return-type -Wno-missing-braces -Wparentheses -Wswitch -Wno-unused-function -Wno-unused-label -Wno-unused-parameter -Wno-unused-variable -Wunused-value -Wno-empty-body -Wno-uninitialized -Wno-unknown-pragmas -Wno-shadow -Wno-four-char-constants -Wno-conversion -Wno-constant-conversion -Wno-int-conversion -Wno-bool-conversion -Wno-enum-conversion -Wno-float-conversion -Wno-non-literal-null-conversion -Wno-objc-literal-conversion -Wno-shorten-64-to-32 -Wpointer-sign -Wno-newline-eof -isysroot /Applications/Xcode.app/Contents/Developer/Platforms/MacOSX.platform/Developer/SDKs/MacOSX12.1.sdk -fasm-blocks -fstrict-aliasing -Wdeprecated-declarations -g -fvisibility\=hidden -Wno-sign-conversion -Wno-infinite-recursion -Wno-comma -Wno-block-capture-autoreleasing -Wno-strict-prototypes -Wno-semicolon-before-method-body -iquote /Users/andreweells/Dropbox/My\ Mac\ \(Andrew’s\ MacBook\ Pro\)/Documents/Class\ Files/2021-2022/SP22/CIS\ 308/6_PointersToPointers/Lab06/build/CMakeFiles/3.21.5/CompilerIdC/CompilerIdC.build/Debug/CompilerIdC.build/CompilerIdC-generated-files.hmap -I/Users/andreweells/Dropbox/My\ Mac\ \(Andrew’s\ MacBook\ Pro\)/Documents/Class\ Files/2021-2022/SP22/CIS\ 308/6_PointersToPointers/Lab06/build/CMakeFiles/3.21.5/CompilerIdC/CompilerIdC.build/Debug/CompilerIdC.build/CompilerIdC-own-target-headers.hmap -I/Users/andreweells/Dropbox/My\ Mac\ \(Andrew’s\ MacBook\ Pro\)/Documents/Class\ Files/2021-2022/SP22/CIS\ 308/6_PointersToPointers/Lab06/build/CMakeFiles/3.21.5/CompilerIdC/CompilerIdC.build/Debug/CompilerIdC.build/CompilerIdC-all-target-headers.hmap -iquote /Users/andreweells/Dropbox/My\ Mac\ \(Andrew’s\ MacBook\ Pro\)/Documents/Class\ Files/2021-2022/SP22/CIS\ 308/6_PointersToPointers/Lab06/build/CMakeFiles/3.21.5/CompilerIdC/CompilerIdC.build/Debug/CompilerIdC.build/CompilerIdC-project-headers.hmap -I/Users/andreweells/Dropbox/My\ Mac\ \(Andrew’s\ MacBook\ Pro\)/Documents/Class\ Files/2021-2022/SP22/CIS\ 308/6_PointersToPointers/Lab06/build/CMakeFiles/3.21.5/CompilerIdC/include -I/Users/andreweells/Dropbox/My\ Mac\ \(Andrew’s\ MacBook\ Pro\)/Documents/Class\ Files/2021-2022/SP22/CIS\ 308/6_PointersToPointers/Lab06/build/CMakeFiles/3.21.5/CompilerIdC/CompilerIdC.build/Debug/CompilerIdC.build/DerivedSources-normal/x86_64 -I/Users/andreweells/Dropbox/My\ Mac\ \(Andrew’s\ MacBook\ Pro\)/Documents/Class\ Files/2021-2022/SP22/CIS\ 308/6_PointersToPointers/Lab06/build/CMakeFiles/3.21.5/CompilerIdC/CompilerIdC.build/Debug/CompilerIdC.build/DerivedSources/x86_64 -I/Users/andreweells/Dropbox/My\ Mac\ \(Andrew’s\ MacBook\ Pro\)/Documents/Class\ Files/2021-2022/SP22/CIS\ 308/6_PointersToPointers/Lab06/build/CMakeFiles/3.21.5/CompilerIdC/CompilerIdC.build/Debug/CompilerIdC.build/DerivedSources -F/Users/andreweells/Dropbox/My\ Mac\ \(Andrew’s\ MacBook\ Pro\)/Documents/Class\ Files/2021-2022/SP22/CIS\ 308/6_PointersToPointers/Lab06/build/CMakeFiles/3.21.5/CompilerIdC -MMD -MT dependencies -MF /Users/andreweells/Dropbox/My\ Mac\ \(Andrew’s\ MacBook\ Pro\)/Documents/Class\ Files/2021-2022/SP22/CIS\ 308/6_PointersToPointers/Lab06/build/CMakeFiles/3.21.5/CompilerIdC/CompilerIdC.build/Debug/CompilerIdC.build/Objects-normal/x86_64/CMakeCCompilerId.d --serialize-diagnostics /Users/andreweells/Dropbox/My\ Mac\ \(Andrew’s\ MacBook\ Pro\)/Documents/Class\ Files/2021-2022/SP22/CIS\ 308/6_PointersToPointers/Lab06/build/CMakeFiles/3.21.5/CompilerIdC/CompilerIdC.build/Debug/CompilerIdC.build/Objects-normal/x86_64/CMakeCCompilerId.dia -c /Users/andreweells/Dropbox/My\ Mac\ \(Andrew’s\ MacBook\ Pro\)/Documents/Class\ Files/2021-2022/SP22/CIS\ 308/6_PointersToPointers/Lab06/build/CMakeFiles/3.21.5/CompilerIdC/CMakeCCompilerId.c -o /Users/andreweells/Dropbox/My\ Mac\ \(Andrew’s\ MacBook\ Pro\)/Documents/Class\ Files/2021-2022/SP22/CIS\ 308/6_PointersToPointers/Lab06/build/CMakeFiles/3.21.5/CompilerIdC/CompilerIdC.build/Debug/CompilerIdC.build/Objects-normal/x86_64/CMakeCCompilerId.o

Ld /Users/andreweells/Dropbox/My\ Mac\ (Andrew’s\ MacBook\ Pro)/Documents/Class\ Files/2021-2022/SP22/CIS\ 308/6_PointersToPointers/Lab06/build/CMakeFiles/3.21.5/CompilerIdC/CompilerIdC normal (in target 'CompilerIdC' from project 'CompilerIdC')
    cd /Users/andreweells/Dropbox/My\ Mac\ \(Andrew’s\ MacBook\ Pro\)/Documents/Class\ Files/2021-2022/SP22/CIS\ 308/6_PointersToPointers/Lab06/build/CMakeFiles/3.21.5/CompilerIdC
    /Applications/Xcode.app/Contents/Developer/Toolchains/XcodeDefault.xctoolchain/usr/bin/clang -target x86_64-apple-macos12.1 -isysroot /Applications/Xcode.app/Contents/Developer/Platforms/MacOSX.platform/Developer/SDKs/MacOSX12.1.sdk -L/Users/andreweells/Dropbox/My\ Mac\ \(Andrew’s\ MacBook\ Pro\)/Documents/Class\ Files/2021-2022/SP22/CIS\ 308/6_PointersToPointers/Lab06/build/CMakeFiles/3.21.5/CompilerIdC -F/Users/andreweells/Dropbox/My\ Mac\ \(Andrew’s\ MacBook\ Pro\)/Documents/Class\ Files/2021-2022/SP22/CIS\ 308/6_PointersToPointers/Lab06/build/CMakeFiles/3.21.5/CompilerIdC -filelist /Users/andreweells/Dropbox/My\ Mac\ \(Andrew’s\ MacBook\ Pro\)/Documents/Class\ Files/2021-2022/SP22/CIS\ 308/6_PointersToPointers/Lab06/build/CMakeFiles/3.21.5/CompilerIdC/CompilerIdC.build/Debug/CompilerIdC.build/Objects-normal/x86_64/CompilerIdC.LinkFileList -Xlinker -object_path_lto -Xlinker /Users/andreweells/Dropbox/My\ Mac\ \(Andrew’s\ MacBook\ Pro\)/Documents/Class\ Files/2021-2022/SP22/CIS\ 308/6_PointersToPointers/Lab06/build/CMakeFiles/3.21.5/CompilerIdC/CompilerIdC.build/Debug/CompilerIdC.build/Objects-normal/x86_64/CompilerIdC_lto.o -Xlinker -dependency_info -Xlinker /Users/andreweells/Dropbox/My\ Mac\ \(Andrew’s\ MacBook\ Pro\)/Documents/Class\ Files/2021-2022/SP22/CIS\ 308/6_PointersToPointers/Lab06/build/CMakeFiles/3.21.5/CompilerIdC/CompilerIdC.build/Debug/CompilerIdC.build/Objects-normal/x86_64/CompilerIdC_dependency_info.dat -o /Users/andreweells/Dropbox/My\ Mac\ \(Andrew’s\ MacBook\ Pro\)/Documents/Class\ Files/2021-2022/SP22/CIS\ 308/6_PointersToPointers/Lab06/build/CMakeFiles/3.21.5/CompilerIdC/CompilerIdC

WriteAuxiliaryFile /Users/andreweells/Dropbox/My\ Mac\ (Andrew’s\ MacBook\ Pro)/Documents/Class\ Files/2021-2022/SP22/CIS\ 308/6_PointersToPointers/Lab06/build/CMakeFiles/3.21.5/CompilerIdC/CompilerIdC.build/Debug/CompilerIdC.build/Script-2C8FEB8E15DC1A1A00E56A5D.sh (in target 'CompilerIdC' from project 'CompilerIdC')
    cd /Users/andreweells/Dropbox/My\ Mac\ \(Andrew’s\ MacBook\ Pro\)/Documents/Class\ Files/2021-2022/SP22/CIS\ 308/6_PointersToPointers/Lab06/build/CMakeFiles/3.21.5/CompilerIdC
    write-file /Users/andreweells/Dropbox/My\ Mac\ \(Andrew’s\ MacBook\ Pro\)/Documents/Class\ Files/2021-2022/SP22/CIS\ 308/6_PointersToPointers/Lab06/build/CMakeFiles/3.21.5/CompilerIdC/CompilerIdC.build/Debug/CompilerIdC.build/Script-2C8FEB8E15DC1A1A00E56A5D.sh

PhaseScriptExecution Run\ Script /Users/andreweells/Dropbox/My\ Mac\ (Andrew’s\ MacBook\ Pro)/Documents/Class\ Files/2021-2022/SP22/CIS\ 308/6_PointersToPointers/Lab06/build/CMakeFiles/3.21.5/CompilerIdC/CompilerIdC.build/Debug/CompilerIdC.build/Script-2C8FEB8E15DC1A1A00E56A5D.sh (in target 'CompilerIdC' from project 'CompilerIdC')
    cd /Users/andreweells/Dropbox/My\ Mac\ \(Andrew’s\ MacBook\ Pro\)/Documents/Class\ Files/2021-2022/SP22/CIS\ 308/6_PointersToPointers/Lab06/build/CMakeFiles/3.21.5/CompilerIdC
    /bin/sh -c /Users/andreweells/Dropbox/My\\\ Mac\\\ \\\(Andrew\\’s\\\ MacBook\\\ Pro\\\)/Documents/Class\\\ Files/2021-2022/SP22/CIS\\\ 308/6_PointersToPointers/Lab06/build/CMakeFiles/3.21.5/CompilerIdC/CompilerIdC.build/Debug/CompilerIdC.build/Script-2C8FEB8E15DC1A1A00E56A5D.sh
GCC_VERSION=com.apple.compilers.llvm.clang.1_0
ARCHS=x86_64

RegisterExecutionPolicyException /Users/andreweells/Dropbox/My\ Mac\ (Andrew’s\ MacBook\ Pro)/Documents/Class\ Files/2021-2022/SP22/CIS\ 308/6_PointersToPointers/Lab06/build/CMakeFiles/3.21.5/CompilerIdC/CompilerIdC (in target 'CompilerIdC' from project 'CompilerIdC')
    cd /Users/andreweells/Dropbox/My\ Mac\ \(Andrew’s\ MacBook\ Pro\)/Documents/Class\ Files/2021-2022/SP22/CIS\ 308/6_PointersToPointers/Lab06/build/CMakeFiles/3.21.5/CompilerIdC
    builtin-RegisterExecutionPolicyException /Users/andreweells/Dropbox/My\ Mac\ \(Andrew’s\ MacBook\ Pro\)/Documents/Class\ Files/2021-2022/SP22/CIS\ 308/6_PointersToPointers/Lab06/build/CMakeFiles/3.21.5/CompilerIdC/CompilerIdC

** BUILD SUCCEEDED **



Compilation of the C compiler identification source "CMakeCCompilerId.c" produced "CompilerIdC"

The C compiler identification is AppleClang, found in "/Users/andreweells/Dropbox/My Mac (Andrew’s MacBook Pro)/Documents/Class Files/2021-2022/SP22/CIS 308/6_PointersToPointers/Lab06/build/CMakeFiles/3.21.5/CompilerIdC/CompilerIdC"

Detecting C compiler ABI info compiled with the following output:
Change Dir: /Users/andreweells/Dropbox/My Mac (Andrew’s MacBook Pro)/Documents/Class Files/2021-2022/SP22/CIS 308/6_PointersToPointers/Lab06/build/CMakeFiles/CMakeTmp

Run Build Command(s):/usr/bin/xcodebuild -project CMAKE_TRY_COMPILE.xcodeproj build -target cmTC_b8767 -parallelizeTargets -configuration Debug -hideShellScriptEnvironment && Command line invocation:
    /Applications/Xcode.app/Contents/Developer/usr/bin/xcodebuild -project CMAKE_TRY_COMPILE.xcodeproj build -target cmTC_b8767 -parallelizeTargets -configuration Debug -hideShellScriptEnvironment

User defaults from command line:
    HideShellScriptEnvironment = YES
    IDEPackageSupportUseBuiltinSCM = YES

note: Using new build system
note: Planning
Analyze workspace

Create build description
Build description signature: ca96332ed5d11b91fe515b77054181c9
Build description path: /Users/andreweells/Dropbox/My Mac (Andrew’s MacBook Pro)/Documents/Class Files/2021-2022/SP22/CIS 308/6_PointersToPointers/Lab06/build/CMakeFiles/CMakeTmp/build/XCBuildData/ca96332ed5d11b91fe515b77054181c9-desc.xcbuild

note: Build preparation complete
note: Building targets in dependency order
CreateBuildDirectory /Users/andreweells/Dropbox/My\ Mac\ (Andrew’s\ MacBook\ Pro)/Documents/Class\ Files/2021-2022/SP22/CIS\ 308/6_PointersToPointers/Lab06/build/CMakeFiles/CMakeTmp
    cd /Users/andreweells/Dropbox/My\ Mac\ \(Andrew’s\ MacBook\ Pro\)/Documents/Class\ Files/2021-2022/SP22/CIS\ 308/6_PointersToPointers/Lab06/build/CMakeFiles/CMakeTmp/CMAKE_TRY_COMPILE.xcodeproj
    builtin-create-build-directory /Users/andreweells/Dropbox/My\ Mac\ \(Andrew’s\ MacBook\ Pro\)/Documents/Class\ Files/2021-2022/SP22/CIS\ 308/6_PointersToPointers/Lab06/build/CMakeFiles/CMakeTmp

CreateBuildDirectory /Users/andreweells/Dropbox/My\ Mac\ (Andrew’s\ MacBook\ Pro)/Documents/Class\ Files/2021-2022/SP22/CIS\ 308/6_PointersToPointers/Lab06/build/CMakeFiles/CMakeTmp/Debug
    cd /Users/andreweells/Dropbox/My\ Mac\ \(Andrew’s\ MacBook\ Pro\)/Documents/Class\ Files/2021-2022/SP22/CIS\ 308/6_PointersToPointers/Lab06/build/CMakeFiles/CMakeTmp/CMAKE_TRY_COMPILE.xcodeproj
    builtin-create-build-directory /Users/andreweells/Dropbox/My\ Mac\ \(Andrew’s\ MacBook\ Pro\)/Documents/Class\ Files/2021-2022/SP22/CIS\ 308/6_PointersToPointers/Lab06/build/CMakeFiles/CMakeTmp/Debug

WriteAuxiliaryFile /Users/andreweells/Dropbox/My\ Mac\ (Andrew’s\ MacBook\ Pro)/Documents/Class\ Files/2021-2022/SP22/CIS\ 308/6_PointersToPointers/Lab06/build/CMakeFiles/CMakeTmp/CMAKE_TRY_COMPILE.build/Debug/cmTC_b8767.build/Objects-normal/x86_64/cmTC_b8767.LinkFileList (in target 'cmTC_b8767' from project 'CMAKE_TRY_COMPILE')
    cd /Users/andreweells/Dropbox/My\ Mac\ \(Andrew’s\ MacBook\ Pro\)/Documents/Class\ Files/2021-2022/SP22/CIS\ 308/6_PointersToPointers/Lab06/build/CMakeFiles/CMakeTmp
    write-file /Users/andreweells/Dropbox/My\ Mac\ \(Andrew’s\ MacBook\ Pro\)/Documents/Class\ Files/2021-2022/SP22/CIS\ 308/6_PointersToPointers/Lab06/build/CMakeFiles/CMakeTmp/CMAKE_TRY_COMPILE.build/Debug/cmTC_b8767.build/Objects-normal/x86_64/cmTC_b8767.LinkFileList

CompileC /Users/andreweells/Dropbox/My\ Mac\ (Andrew’s\ MacBook\ Pro)/Documents/Class\ Files/2021-2022/SP22/CIS\ 308/6_PointersToPointers/Lab06/build/CMakeFiles/CMakeTmp/CMAKE_TRY_COMPILE.build/Debug/cmTC_b8767.build/Objects-normal/x86_64/CMakeCCompilerABI.o /Applications/CMake.app/Contents/share/cmake-3.21/Modules/CMakeCCompilerABI.c normal x86_64 c com.apple.compilers.llvm.clang.1_0.compiler (in target 'cmTC_b8767' from project 'CMAKE_TRY_COMPILE')
    cd /Users/andreweells/Dropbox/My\ Mac\ \(Andrew’s\ MacBook\ Pro\)/Documents/Class\ Files/2021-2022/SP22/CIS\ 308/6_PointersToPointers/Lab06/build/CMakeFiles/CMakeTmp
    /Applications/Xcode.app/Contents/Developer/Toolchains/XcodeDefault.xctoolchain/usr/bin/clang -x c -target x86_64-apple-macos12.1 -fmessage-length\=0 -fdiagnostics-show-note-include-stack -fmacro-backtrace-limit\=0 -Wno-trigraphs -fpascal-strings -O0 -Wno-missing-field-initializers -Wno-missing-prototypes -Wno-return-type -Wno-missing-braces -Wparentheses -Wswitch -Wno-unused-function -Wno-unused-label -Wno-unused-parameter -Wno-unused-variable -Wunused-value -Wno-empty-body -Wno-uninitialized -Wno-unknown-pragmas -Wno-shadow -Wno-four-char-constants -Wno-conversion -Wno-constant-conversion -Wno-int-conversion -Wno-bool-conversion -Wno-enum-conversion -Wno-float-conversion -Wno-non-literal-null-conversion -Wno-objc-literal-conversion -Wno-shorten-64-to-32 -Wpointer-sign -Wno-newline-eof -DCMAKE_INTDIR\=\"Debug\" -isysroot /Applications/Xcode.app/Contents/Developer/Platforms/MacOSX.platform/Developer/SDKs/MacOSX12.1.sdk -fasm-blocks -fstrict-aliasing -Wdeprecated-declarations -g -Wno-sign-conversion -Wno-infinite-recursion -Wno-comma -Wno-block-capture-autoreleasing -Wno-strict-prototypes -Wno-semicolon-before-method-body -I/Users/andreweells/Dropbox/My\ Mac\ \(Andrew’s\ MacBook\ Pro\)/Documents/Class\ Files/2021-2022/SP22/CIS\ 308/6_PointersToPointers/Lab06/build/CMakeFiles/CMakeTmp/Debug/include -I/Users/andreweells/Dropbox/My\ Mac\ \(Andrew’s\ MacBook\ Pro\)/Documents/Class\ Files/2021-2022/SP22/CIS\ 308/6_PointersToPointers/Lab06/build/CMakeFiles/CMakeTmp/CMAKE_TRY_COMPILE.build/Debug/cmTC_b8767.build/DerivedSources-normal/x86_64 -I/Users/andreweells/Dropbox/My\ Mac\ \(Andrew’s\ MacBook\ Pro\)/Documents/Class\ Files/2021-2022/SP22/CIS\ 308/6_PointersToPointers/Lab06/build/CMakeFiles/CMakeTmp/CMAKE_TRY_COMPILE.build/Debug/cmTC_b8767.build/DerivedSources/x86_64 -I/Users/andreweells/Dropbox/My\ Mac\ \(Andrew’s\ MacBook\ Pro\)/Documents/Class\ Files/2021-2022/SP22/CIS\ 308/6_PointersToPointers/Lab06/build/CMakeFiles/CMakeTmp/CMAKE_TRY_COMPILE.build/Debug/cmTC_b8767.build/DerivedSources -F/Users/andreweells/Dropbox/My\ Mac\ \(Andrew’s\ MacBook\ Pro\)/Documents/Class\ Files/2021-2022/SP22/CIS\ 308/6_PointersToPointers/Lab06/build/CMakeFiles/CMakeTmp/Debug -v -Wl,-v -MMD -MT dependencies -MF /Users/andreweells/Dropbox/My\ Mac\ \(Andrew’s\ MacBook\ Pro\)/Documents/Class\ Files/2021-2022/SP22/CIS\ 308/6_PointersToPointers/Lab06/build/CMakeFiles/CMakeTmp/CMAKE_TRY_COMPILE.build/Debug/cmTC_b8767.build/Objects-normal/x86_64/CMakeCCompilerABI.d --serialize-diagnostics /Users/andreweells/Dropbox/My\ Mac\ \(Andrew’s\ MacBook\ Pro\)/Documents/Class\ Files/2021-2022/SP22/CIS\ 308/6_PointersToPointers/Lab06/build/CMakeFiles/CMakeTmp/CMAKE_TRY_COMPILE.build/Debug/cmTC_b8767.build/Objects-normal/x86_64/CMakeCCompilerABI.dia -c /Applications/CMake.app/Contents/share/cmake-3.21/Modules/CMakeCCompilerABI.c -o /Users/andreweells/Dropbox/My\ Mac\ \(Andrew’s\ MacBook\ Pro\)/Documents/Class\ Files/2021-2022/SP22/CIS\ 308/6_PointersToPointers/Lab06/build/CMakeFiles/CMakeTmp/CMAKE_TRY_COMPILE.build/Debug/cmTC_b8767.build/Objects-normal/x86_64/CMakeCCompilerABI.o
Apple clang version 13.0.0 (clang-1300.0.29.30)
Target: x86_64-apple-macos12.1
Thread model: posix
InstalledDir: /Applications/Xcode.app/Contents/Developer/Toolchains/XcodeDefault.xctoolchain/usr/bin
clang: warning: -Wl,-v: 'linker' input unused [-Wunused-command-line-argument]
 "/Applications/Xcode.app/Contents/Developer/Toolchains/XcodeDefault.xctoolchain/usr/bin/clang" -cc1 -triple x86_64-apple-macosx12.1.0 -Wundef-prefix=TARGET_OS_ -Wdeprecated-objc-isa-usage -Werror=deprecated-objc-isa-usage -Werror=implicit-function-declaration -emit-obj -mrelax-all --mrelax-relocations -disable-free -disable-llvm-verifier -discard-value-names -main-file-name CMakeCCompilerABI.c -mrelocation-model pic -pic-level 2 -mframe-pointer=all -fno-strict-return -fno-rounding-math -munwind-tables -target-sdk-version=12.1 -fvisibility-inlines-hidden-static-local-var -target-cpu penryn -tune-cpu generic -debug-info-kind=standalone -dwarf-version=4 -debugger-tuning=lldb -target-linker-version 711 -v -resource-dir /Applications/Xcode.app/Contents/Developer/Toolchains/XcodeDefault.xctoolchain/usr/lib/clang/13.0.0 -dependency-file "/Users/andreweells/Dropbox/My Mac (Andrew’s MacBook Pro)/Documents/Class Files/2021-2022/SP22/CIS 308/6_PointersToPointers/Lab06/build/CMakeFiles/CMakeTmp/CMAKE_TRY_COMPILE.build/Debug/cmTC_b8767.build/Objects-normal/x86_64/CMakeCCompilerABI.d" -skip-unused-modulemap-deps -MT dependencies -isysroot /Applications/Xcode.app/Contents/Developer/Platforms/MacOSX.platform/Developer/SDKs/MacOSX12.1.sdk -D "CMAKE_INTDIR=\"Debug\"" -I "/Users/andreweells/Dropbox/My Mac (Andrew’s MacBook Pro)/Documents/Class Files/2021-2022/SP22/CIS 308/6_PointersToPointers/Lab06/build/CMakeFiles/CMakeTmp/Debug/include" -I "/Users/andreweells/Dropbox/My Mac (Andrew’s MacBook Pro)/Documents/Class Files/2021-2022/SP22/CIS 308/6_PointersToPointers/Lab06/build/CMakeFiles/CMakeTmp/CMAKE_TRY_COMPILE.build/Debug/cmTC_b8767.build/DerivedSources-normal/x86_64" -I "/Users/andreweells/Dropbox/My Mac (Andrew’s MacBook Pro)/Documents/Class Files/2021-2022/SP22/CIS 308/6_PointersToPointers/Lab06/build/CMakeFiles/CMakeTmp/CMAKE_TRY_COMPILE.build/Debug/cmTC_b8767.build/DerivedSources/x86_64" -I "/Users/andreweells/Dropbox/My Mac (Andrew’s MacBook Pro)/Documents/Class Files/2021-2022/SP22/CIS 308/6_PointersToPointers/Lab06/build/CMakeFiles/CMakeTmp/CMAKE_TRY_COMPILE.build/Debug/cmTC_b8767.build/DerivedSources" "-F/Users/andreweells/Dropbox/My Mac (Andrew\342\200\231s MacBook Pro)/Documents/Class Files/2021-2022/SP22/CIS 308/6_PointersToPointers/Lab06/build/CMakeFiles/CMakeTmp/Debug" -internal-isystem /Applications/Xcode.app/Contents/Developer/Platforms/MacOSX.platform/Developer/SDKs/MacOSX12.1.sdk/usr/local/include -internal-isystem /Applications/Xcode.app/Contents/Developer/Toolchains/XcodeDefault.xctoolchain/usr/lib/clang/13.0.0/include -internal-externc-isystem /Applications/Xcode.app/Contents/Developer/Platforms/MacOSX.platform/Developer/SDKs/MacOSX12.1.sdk/usr/include -internal-externc-isystem /Applications/Xcode.app/Contents/Developer/Toolchains/XcodeDefault.xctoolchain/usr/include -O0 -Wno-trigraphs -Wno-missing-field-initializers -Wno-missing-prototypes -Wno-return-type -Wno-missing-braces -Wparentheses -Wswitch -Wno-unused-function -Wno-unused-label -Wno-unused-parameter -Wno-unused-variable -Wunused-value -Wno-empty-body -Wno-uninitialized -Wno-unknown-pragmas -Wno-shadow -Wno-four-char-constants -Wno-conversion -Wno-constant-conversion -Wno-int-conversion -Wno-bool-conversion -Wno-enum-conversion -Wno-float-conversion -Wno-non-literal-null-conversion -Wno-objc-literal-conversion -Wno-shorten-64-to-32 -Wpointer-sign -Wno-newline-eof -Wdeprecated-declarations -Wno-sign-conversion -Wno-infinite-recursion -Wno-comma -Wno-block-capture-autoreleasing -Wno-strict-prototypes -Wno-semicolon-before-method-body -Wno-reorder-init-list -Wno-implicit-int-float-conversion -Wno-c99-designator -Wno-final-dtor-non-final-class -Wno-extra-semi-stmt -Wno-misleading-indentation -Wno-quoted-include-in-framework-header -Wno-implicit-fallthrough -Wno-enum-enum-conversion -Wno-enum-float-conversion -Wno-elaborated-enum-base -fdebug-compilation-dir "/Users/andreweells/Dropbox/My Mac (Andrew’s MacBook Pro)/Documents/Class Files/2021-2022/SP22/CIS 308/6_PointersToPointers/Lab06/build/CMakeFiles/CMakeTmp" -ferror-limit 19 -fmacro-backtrace-limit 0 -stack-protector 1 -fstack-check -mdarwin-stkchk-strong-link -fblocks -fencode-extended-block-signature -fregister-global-dtors-with-atexit -fgnuc-version=4.2.1 -fpascal-strings -fmax-type-align=16 -fcommon -fdiagnostics-show-note-include-stack -fasm-blocks -serialize-diagnostic-file "/Users/andreweells/Dropbox/My Mac (Andrew’s MacBook Pro)/Documents/Class Files/2021-2022/SP22/CIS 308/6_PointersToPointers/Lab06/build/CMakeFiles/CMakeTmp/CMAKE_TRY_COMPILE.build/Debug/cmTC_b8767.build/Objects-normal/x86_64/CMakeCCompilerABI.dia" -clang-vendor-feature=+nullptrToBoolConversion -clang-vendor-feature=+messageToSelfInClassMethodIdReturnType -clang-vendor-feature=+disableInferNewAvailabilityFromInit -clang-vendor-feature=+disableNeonImmediateRangeCheck -clang-vendor-feature=+disableNonDependentMemberExprInCurrentInstantiation -fno-odr-hash-protocols -clang-vendor-feature=+revert09abecef7bbf -mllvm -disable-aligned-alloc-awareness=1 -mllvm -enable-dse-memoryssa=0 -o "/Users/andreweells/Dropbox/My Mac (Andrew\342\200\231s MacBook Pro)/Documents/Class Files/2021-2022/SP22/CIS 308/6_PointersToPointers/Lab06/build/CMakeFiles/CMakeTmp/CMAKE_TRY_COMPILE.build/Debug/cmTC_b8767.build/Objects-normal/x86_64/CMakeCCompilerABI.o" -x c /Applications/CMake.app/Contents/share/cmake-3.21/Modules/CMakeCCompilerABI.c
clang -cc1 version 13.0.0 (clang-1300.0.29.30) default target x86_64-apple-darwin21.2.0
ignoring nonexistent directory "/Users/andreweells/Dropbox/My Mac (Andrew’s MacBook Pro)/Documents/Class Files/2021-2022/SP22/CIS 308/6_PointersToPointers/Lab06/build/CMakeFiles/CMakeTmp/Debug/include"
ignoring nonexistent directory "/Users/andreweells/Dropbox/My Mac (Andrew’s MacBook Pro)/Documents/Class Files/2021-2022/SP22/CIS 308/6_PointersToPointers/Lab06/build/CMakeFiles/CMakeTmp/CMAKE_TRY_COMPILE.build/Debug/cmTC_b8767.build/DerivedSources-normal/x86_64"
ignoring nonexistent directory "/Users/andreweells/Dropbox/My Mac (Andrew’s MacBook Pro)/Documents/Class Files/2021-2022/SP22/CIS 308/6_PointersToPointers/Lab06/build/CMakeFiles/CMakeTmp/CMAKE_TRY_COMPILE.build/Debug/cmTC_b8767.build/DerivedSources/x86_64"
ignoring nonexistent directory "/Users/andreweells/Dropbox/My Mac (Andrew’s MacBook Pro)/Documents/Class Files/2021-2022/SP22/CIS 308/6_PointersToPointers/Lab06/build/CMakeFiles/CMakeTmp/CMAKE_TRY_COMPILE.build/Debug/cmTC_b8767.build/DerivedSources"
ignoring nonexistent directory "/Applications/Xcode.app/Contents/Developer/Platforms/MacOSX.platform/Developer/SDKs/MacOSX12.1.sdk/usr/local/include"
ignoring nonexistent directory "/Applications/Xcode.app/Contents/Developer/Platforms/MacOSX.platform/Developer/SDKs/MacOSX12.1.sdk/Library/Frameworks"
#include "..." search starts here:
#include <...> search starts here:
 /Users/andreweells/Dropbox/My Mac (Andrew’s MacBook Pro)/Documents/Class Files/2021-2022/SP22/CIS 308/6_PointersToPointers/Lab06/build/CMakeFiles/CMakeTmp/Debug (framework directory)
 /Applications/Xcode.app/Contents/Developer/Toolchains/XcodeDefault.xctoolchain/usr/lib/clang/13.0.0/include
 /Applications/Xcode.app/Contents/Developer/Platforms/MacOSX.platform/Developer/SDKs/MacOSX12.1.sdk/usr/include
 /Applications/Xcode.app/Contents/Developer/Toolchains/XcodeDefault.xctoolchain/usr/include
 /Applications/Xcode.app/Contents/Developer/Platforms/MacOSX.platform/Developer/SDKs/MacOSX12.1.sdk/System/Library/Frameworks (framework directory)
End of search list.

Ld /Users/andreweells/Dropbox/My\ Mac\ (Andrew’s\ MacBook\ Pro)/Documents/Class\ Files/2021-2022/SP22/CIS\ 308/6_PointersToPointers/Lab06/build/CMakeFiles/CMakeTmp/Debug/cmTC_b8767 normal (in target 'cmTC_b8767' from project 'CMAKE_TRY_COMPILE')
    cd /Users/andreweells/Dropbox/My\ Mac\ \(Andrew’s\ MacBook\ Pro\)/Documents/Class\ Files/2021-2022/SP22/CIS\ 308/6_PointersToPointers/Lab06/build/CMakeFiles/CMakeTmp
    /Applications/Xcode.app/Contents/Developer/Toolchains/XcodeDefault.xctoolchain/usr/bin/clang -target x86_64-apple-macos12.1 -isysroot /Applications/Xcode.app/Contents/Developer/Platforms/MacOSX.platform/Developer/SDKs/MacOSX12.1.sdk -L/Users/andreweells/Dropbox/My\ Mac\ \(Andrew’s\ MacBook\ Pro\)/Documents/Class\ Files/2021-2022/SP22/CIS\ 308/6_PointersToPointers/Lab06/build/CMakeFiles/CMakeTmp/Debug -F/Users/andreweells/Dropbox/My\ Mac\ \(Andrew’s\ MacBook\ Pro\)/Documents/Class\ Files/2021-2022/SP22/CIS\ 308/6_PointersToPointers/Lab06/build/CMakeFiles/CMakeTmp/Debug -filelist /Users/andreweells/Dropbox/My\ Mac\ \(Andrew’s\ MacBook\ Pro\)/Documents/Class\ Files/2021-2022/SP22/CIS\ 308/6_PointersToPointers/Lab06/build/CMakeFiles/CMakeTmp/CMAKE_TRY_COMPILE.build/Debug/cmTC_b8767.build/Objects-normal/x86_64/cmTC_b8767.LinkFileList -Xlinker -object_path_lto -Xlinker /Users/andreweells/Dropbox/My\ Mac\ \(Andrew’s\ MacBook\ Pro\)/Documents/Class\ Files/2021-2022/SP22/CIS\ 308/6_PointersToPointers/Lab06/build/CMakeFiles/CMakeTmp/CMAKE_TRY_COMPILE.build/Debug/cmTC_b8767.build/Objects-normal/x86_64/cmTC_b8767_lto.o -Xlinker -no_deduplicate -v -Wl,-v -Wl,-search_paths_first -Wl,-headerpad_max_install_names -Xlinker -dependency_info -Xlinker /Users/andreweells/Dropbox/My\ Mac\ \(Andrew’s\ MacBook\ Pro\)/Documents/Class\ Files/2021-2022/SP22/CIS\ 308/6_PointersToPointers/Lab06/build/CMakeFiles/CMakeTmp/CMAKE_TRY_COMPILE.build/Debug/cmTC_b8767.build/Objects-normal/x86_64/cmTC_b8767_dependency_info.dat -o /Users/andreweells/Dropbox/My\ Mac\ \(Andrew’s\ MacBook\ Pro\)/Documents/Class\ Files/2021-2022/SP22/CIS\ 308/6_PointersToPointers/Lab06/build/CMakeFiles/CMakeTmp/Debug/cmTC_b8767
Apple clang version 13.0.0 (clang-1300.0.29.30)
Target: x86_64-apple-macos12.1
Thread model: posix
InstalledDir: /Applications/Xcode.app/Contents/Developer/Toolchains/XcodeDefault.xctoolchain/usr/bin
 "/Applications/Xcode.app/Contents/Developer/Toolchains/XcodeDefault.xctoolchain/usr/bin/ld" -demangle -lto_library /Applications/Xcode.app/Contents/Developer/Toolchains/XcodeDefault.xctoolchain/usr/lib/libLTO.dylib -dynamic -arch x86_64 -platform_version macos 12.1.0 12.1 -syslibroot /Applications/Xcode.app/Contents/Developer/Platforms/MacOSX.platform/Developer/SDKs/MacOSX12.1.sdk -o "/Users/andreweells/Dropbox/My Mac (Andrew\342\200\231s MacBook Pro)/Documents/Class Files/2021-2022/SP22/CIS 308/6_PointersToPointers/Lab06/build/CMakeFiles/CMakeTmp/Debug/cmTC_b8767" "-L/Users/andreweells/Dropbox/My Mac (Andrew\342\200\231s MacBook Pro)/Documents/Class Files/2021-2022/SP22/CIS 308/6_PointersToPointers/Lab06/build/CMakeFiles/CMakeTmp/Debug" -filelist "/Users/andreweells/Dropbox/My Mac (Andrew’s MacBook Pro)/Documents/Class Files/2021-2022/SP22/CIS 308/6_PointersToPointers/Lab06/build/CMakeFiles/CMakeTmp/CMAKE_TRY_COMPILE.build/Debug/cmTC_b8767.build/Objects-normal/x86_64/cmTC_b8767.LinkFileList" -object_path_lto "/Users/andreweells/Dropbox/My Mac (Andrew’s MacBook Pro)/Documents/Class Files/2021-2022/SP22/CIS 308/6_PointersToPointers/Lab06/build/CMakeFiles/CMakeTmp/CMAKE_TRY_COMPILE.build/Debug/cmTC_b8767.build/Objects-normal/x86_64/cmTC_b8767_lto.o" -no_deduplicate -v -search_paths_first -headerpad_max_install_names -dependency_info "/Users/andreweells/Dropbox/My Mac (Andrew’s MacBook Pro)/Documents/Class Files/2021-2022/SP22/CIS 308/6_PointersToPointers/Lab06/build/CMakeFiles/CMakeTmp/CMAKE_TRY_COMPILE.build/Debug/cmTC_b8767.build/Objects-normal/x86_64/cmTC_b8767_dependency_info.dat" -lSystem /Applications/Xcode.app/Contents/Developer/Toolchains/XcodeDefault.xctoolchain/usr/lib/clang/13.0.0/lib/darwin/libclang_rt.osx.a "-F/Users/andreweells/Dropbox/My Mac (Andrew’s MacBook Pro)/Documents/Class Files/2021-2022/SP22/CIS 308/6_PointersToPointers/Lab06/build/CMakeFiles/CMakeTmp/Debug"
@(#)PROGRAM:ld  PROJECT:ld64-711
BUILD 21:57:11 Nov 17 2021
configured to support archs: armv6 armv7 armv7s arm64 arm64e arm64_32 i386 x86_64 x86_64h armv6m armv7k armv7m armv7em
Library search paths:
	/Users/andreweells/Dropbox/My Mac (Andrew’s MacBook Pro)/Documents/Class Files/2021-2022/SP22/CIS 308/6_PointersToPointers/Lab06/build/CMakeFiles/CMakeTmp/Debug
	/Applications/Xcode.app/Contents/Developer/Platforms/MacOSX.platform/Developer/SDKs/MacOSX12.1.sdk/usr/lib
Framework search paths:
	/Users/andreweells/Dropbox/My Mac (Andrew’s MacBook Pro)/Documents/Class Files/2021-2022/SP22/CIS 308/6_PointersToPointers/Lab06/build/CMakeFiles/CMakeTmp/Debug
	/Applications/Xcode.app/Contents/Developer/Platforms/MacOSX.platform/Developer/SDKs/MacOSX12.1.sdk/System/Library/Frameworks/

RegisterExecutionPolicyException /Users/andreweells/Dropbox/My\ Mac\ (Andrew’s\ MacBook\ Pro)/Documents/Class\ Files/2021-2022/SP22/CIS\ 308/6_PointersToPointers/Lab06/build/CMakeFiles/CMakeTmp/Debug/cmTC_b8767 (in target 'cmTC_b8767' from project 'CMAKE_TRY_COMPILE')
    cd /Users/andreweells/Dropbox/My\ Mac\ \(Andrew’s\ MacBook\ Pro\)/Documents/Class\ Files/2021-2022/SP22/CIS\ 308/6_PointersToPointers/Lab06/build/CMakeFiles/CMakeTmp
    builtin-RegisterExecutionPolicyException /Users/andreweells/Dropbox/My\ Mac\ \(Andrew’s\ MacBook\ Pro\)/Documents/Class\ Files/2021-2022/SP22/CIS\ 308/6_PointersToPointers/Lab06/build/CMakeFiles/CMakeTmp/Debug/cmTC_b8767

** BUILD SUCCEEDED **




Parsed C implicit include dir info from above output: rv=done
  found start of include info
  found start of implicit include info
    add: [/Applications/Xcode.app/Contents/Developer/Toolchains/XcodeDefault.xctoolchain/usr/lib/clang/13.0.0/include]
    add: [/Applications/Xcode.app/Contents/Developer/Platforms/MacOSX.platform/Developer/SDKs/MacOSX12.1.sdk/usr/include]
    add: [/Applications/Xcode.app/Contents/Developer/Toolchains/XcodeDefault.xctoolchain/usr/include]
  end of search list found
  collapse include dir [/Applications/Xcode.app/Contents/Developer/Toolchains/XcodeDefault.xctoolchain/usr/lib/clang/13.0.0/include] ==> [/Applications/Xcode.app/Contents/Developer/Toolchains/XcodeDefault.xctoolchain/usr/lib/clang/13.0.0/include]
  collapse include dir [/Applications/Xcode.app/Contents/Developer/Platforms/MacOSX.platform/Developer/SDKs/MacOSX12.1.sdk/usr/include] ==> [/Applications/Xcode.app/Contents/Developer/Platforms/MacOSX.platform/Developer/SDKs/MacOSX12.1.sdk/usr/include]
  collapse include dir [/Applications/Xcode.app/Contents/Developer/Toolchains/XcodeDefault.xctoolchain/usr/include] ==> [/Applications/Xcode.app/Contents/Developer/Toolchains/XcodeDefault.xctoolchain/usr/include]
  implicit include dirs: [/Applications/Xcode.app/Contents/Developer/Toolchains/XcodeDefault.xctoolchain/usr/lib/clang/13.0.0/include;/Applications/Xcode.app/Contents/Developer/Platforms/MacOSX.platform/Developer/SDKs/MacOSX12.1.sdk/usr/include;/Applications/Xcode.app/Contents/Developer/Toolchains/XcodeDefault.xctoolchain/usr/include]


Parsed C implicit link information from above output:
  link line regex: [^( *|.*[/\])(ld|CMAKE_LINK_STARTFILE-NOTFOUND|([^/\]+-)?ld|collect2)[^/\]*( |$)]
  ignore line: [Change Dir: /Users/andreweells/Dropbox/My Mac (Andrew’s MacBook Pro)/Documents/Class Files/2021-2022/SP22/CIS 308/6_PointersToPointers/Lab06/build/CMakeFiles/CMakeTmp]
  ignore line: []
  ignore line: [Run Build Command(s):/usr/bin/xcodebuild -project CMAKE_TRY_COMPILE.xcodeproj build -target cmTC_b8767 -parallelizeTargets -configuration Debug -hideShellScriptEnvironment && Command line invocation:]
  ignore line: [    /Applications/Xcode.app/Contents/Developer/usr/bin/xcodebuild -project CMAKE_TRY_COMPILE.xcodeproj build -target cmTC_b8767 -parallelizeTargets -configuration Debug -hideShellScriptEnvironment]
  ignore line: []
  ignore line: [User defaults from command line:]
  ignore line: [    HideShellScriptEnvironment = YES]
  ignore line: [    IDEPackageSupportUseBuiltinSCM = YES]
  ignore line: []
  ignore line: [note: Using new build system]
  ignore line: [note: Planning]
  ignore line: [Analyze workspace]
  ignore line: []
  ignore line: [Create build description]
  ignore line: [Build description signature: ca96332ed5d11b91fe515b77054181c9]
  ignore line: [Build description path: /Users/andreweells/Dropbox/My Mac (Andrew’s MacBook Pro)/Documents/Class Files/2021-2022/SP22/CIS 308/6_PointersToPointers/Lab06/build/CMakeFiles/CMakeTmp/build/XCBuildData/ca96332ed5d11b91fe515b77054181c9-desc.xcbuild]
  ignore line: []
  ignore line: [note: Build preparation complete]
  ignore line: [note: Building targets in dependency order]
  ignore line: [CreateBuildDirectory /Users/andreweells/Dropbox/My\ Mac\ (Andrew’s\ MacBook\ Pro)/Documents/Class\ Files/2021-2022/SP22/CIS\ 308/6_PointersToPointers/Lab06/build/CMakeFiles/CMakeTmp]
  ignore line: [    cd /Users/andreweells/Dropbox/My\ Mac\ \(Andrew’s\ MacBook\ Pro\)/Documents/Class\ Files/2021-2022/SP22/CIS\ 308/6_PointersToPointers/Lab06/build/CMakeFiles/CMakeTmp/CMAKE_TRY_COMPILE.xcodeproj]
  ignore line: [    builtin-create-build-directory /Users/andreweells/Dropbox/My\ Mac\ \(Andrew’s\ MacBook\ Pro\)/Documents/Class\ Files/2021-2022/SP22/CIS\ 308/6_PointersToPointers/Lab06/build/CMakeFiles/CMakeTmp]
  ignore line: []
  ignore line: [CreateBuildDirectory /Users/andreweells/Dropbox/My\ Mac\ (Andrew’s\ MacBook\ Pro)/Documents/Class\ Files/2021-2022/SP22/CIS\ 308/6_PointersToPointers/Lab06/build/CMakeFiles/CMakeTmp/Debug]
  ignore line: [    cd /Users/andreweells/Dropbox/My\ Mac\ \(Andrew’s\ MacBook\ Pro\)/Documents/Class\ Files/2021-2022/SP22/CIS\ 308/6_PointersToPointers/Lab06/build/CMakeFiles/CMakeTmp/CMAKE_TRY_COMPILE.xcodeproj]
  ignore line: [    builtin-create-build-directory /Users/andreweells/Dropbox/My\ Mac\ \(Andrew’s\ MacBook\ Pro\)/Documents/Class\ Files/2021-2022/SP22/CIS\ 308/6_PointersToPointers/Lab06/build/CMakeFiles/CMakeTmp/Debug]
  ignore line: []
  ignore line: [WriteAuxiliaryFile /Users/andreweells/Dropbox/My\ Mac\ (Andrew’s\ MacBook\ Pro)/Documents/Class\ Files/2021-2022/SP22/CIS\ 308/6_PointersToPointers/Lab06/build/CMakeFiles/CMakeTmp/CMAKE_TRY_COMPILE.build/Debug/cmTC_b8767.build/Objects-normal/x86_64/cmTC_b8767.LinkFileList (in target 'cmTC_b8767' from project 'CMAKE_TRY_COMPILE')]
  ignore line: [    cd /Users/andreweells/Dropbox/My\ Mac\ \(Andrew’s\ MacBook\ Pro\)/Documents/Class\ Files/2021-2022/SP22/CIS\ 308/6_PointersToPointers/Lab06/build/CMakeFiles/CMakeTmp]
  ignore line: [    write-file /Users/andreweells/Dropbox/My\ Mac\ \(Andrew’s\ MacBook\ Pro\)/Documents/Class\ Files/2021-2022/SP22/CIS\ 308/6_PointersToPointers/Lab06/build/CMakeFiles/CMakeTmp/CMAKE_TRY_COMPILE.build/Debug/cmTC_b8767.build/Objects-normal/x86_64/cmTC_b8767.LinkFileList]
  ignore line: []
  ignore line: [CompileC /Users/andreweells/Dropbox/My\ Mac\ (Andrew’s\ MacBook\ Pro)/Documents/Class\ Files/2021-2022/SP22/CIS\ 308/6_PointersToPointers/Lab06/build/CMakeFiles/CMakeTmp/CMAKE_TRY_COMPILE.build/Debug/cmTC_b8767.build/Objects-normal/x86_64/CMakeCCompilerABI.o /Applications/CMake.app/Contents/share/cmake-3.21/Modules/CMakeCCompilerABI.c normal x86_64 c com.apple.compilers.llvm.clang.1_0.compiler (in target 'cmTC_b8767' from project 'CMAKE_TRY_COMPILE')]
  ignore line: [    cd /Users/andreweells/Dropbox/My\ Mac\ \(Andrew’s\ MacBook\ Pro\)/Documents/Class\ Files/2021-2022/SP22/CIS\ 308/6_PointersToPointers/Lab06/build/CMakeFiles/CMakeTmp]
  ignore line: [    /Applications/Xcode.app/Contents/Developer/Toolchains/XcodeDefault.xctoolchain/usr/bin/clang -x c -target x86_64-apple-macos12.1 -fmessage-length\=0 -fdiagnostics-show-note-include-stack -fmacro-backtrace-limit\=0 -Wno-trigraphs -fpascal-strings -O0 -Wno-missing-field-initializers -Wno-missing-prototypes -Wno-return-type -Wno-missing-braces -Wparentheses -Wswitch -Wno-unused-function -Wno-unused-label -Wno-unused-parameter -Wno-unused-variable -Wunused-value -Wno-empty-body -Wno-uninitialized -Wno-unknown-pragmas -Wno-shadow -Wno-four-char-constants -Wno-conversion -Wno-constant-conversion -Wno-int-conversion -Wno-bool-conversion -Wno-enum-conversion -Wno-float-conversion -Wno-non-literal-null-conversion -Wno-objc-literal-conversion -Wno-shorten-64-to-32 -Wpointer-sign -Wno-newline-eof -DCMAKE_INTDIR\=\"Debug\" -isysroot /Applications/Xcode.app/Contents/Developer/Platforms/MacOSX.platform/Developer/SDKs/MacOSX12.1.sdk -fasm-blocks -fstrict-aliasing -Wdeprecated-declarations -g -Wno-sign-conversion -Wno-infinite-recursion -Wno-comma -Wno-block-capture-autoreleasing -Wno-strict-prototypes -Wno-semicolon-before-method-body -I/Users/andreweells/Dropbox/My\ Mac\ \(Andrew’s\ MacBook\ Pro\)/Documents/Class\ Files/2021-2022/SP22/CIS\ 308/6_PointersToPointers/Lab06/build/CMakeFiles/CMakeTmp/Debug/include -I/Users/andreweells/Dropbox/My\ Mac\ \(Andrew’s\ MacBook\ Pro\)/Documents/Class\ Files/2021-2022/SP22/CIS\ 308/6_PointersToPointers/Lab06/build/CMakeFiles/CMakeTmp/CMAKE_TRY_COMPILE.build/Debug/cmTC_b8767.build/DerivedSources-normal/x86_64 -I/Users/andreweells/Dropbox/My\ Mac\ \(Andrew’s\ MacBook\ Pro\)/Documents/Class\ Files/2021-2022/SP22/CIS\ 308/6_PointersToPointers/Lab06/build/CMakeFiles/CMakeTmp/CMAKE_TRY_COMPILE.build/Debug/cmTC_b8767.build/DerivedSources/x86_64 -I/Users/andreweells/Dropbox/My\ Mac\ \(Andrew’s\ MacBook\ Pro\)/Documents/Class\ Files/2021-2022/SP22/CIS\ 308/6_PointersToPointers/Lab06/build/CMakeFiles/CMakeTmp/CMAKE_TRY_COMPILE.build/Debug/cmTC_b8767.build/DerivedSources -F/Users/andreweells/Dropbox/My\ Mac\ \(Andrew’s\ MacBook\ Pro\)/Documents/Class\ Files/2021-2022/SP22/CIS\ 308/6_PointersToPointers/Lab06/build/CMakeFiles/CMakeTmp/Debug -v -Wl -v -MMD -MT dependencies -MF /Users/andreweells/Dropbox/My\ Mac\ \(Andrew’s\ MacBook\ Pro\)/Documents/Class\ Files/2021-2022/SP22/CIS\ 308/6_PointersToPointers/Lab06/build/CMakeFiles/CMakeTmp/CMAKE_TRY_COMPILE.build/Debug/cmTC_b8767.build/Objects-normal/x86_64/CMakeCCompilerABI.d --serialize-diagnostics /Users/andreweells/Dropbox/My\ Mac\ \(Andrew’s\ MacBook\ Pro\)/Documents/Class\ Files/2021-2022/SP22/CIS\ 308/6_PointersToPointers/Lab06/build/CMakeFiles/CMakeTmp/CMAKE_TRY_COMPILE.build/Debug/cmTC_b8767.build/Objects-normal/x86_64/CMakeCCompilerABI.dia -c /Applications/CMake.app/Contents/share/cmake-3.21/Modules/CMakeCCompilerABI.c -o /Users/andreweells/Dropbox/My\ Mac\ \(Andrew’s\ MacBook\ Pro\)/Documents/Class\ Files/2021-2022/SP22/CIS\ 308/6_PointersToPointers/Lab06/build/CMakeFiles/CMakeTmp/CMAKE_TRY_COMPILE.build/Debug/cmTC_b8767.build/Objects-normal/x86_64/CMakeCCompilerABI.o]
  ignore line: [Apple clang version 13.0.0 (clang-1300.0.29.30)]
  ignore line: [Target: x86_64-apple-macos12.1]
  ignore line: [Thread model: posix]
  ignore line: [InstalledDir: /Applications/Xcode.app/Contents/Developer/Toolchains/XcodeDefault.xctoolchain/usr/bin]
  ignore line: [clang: warning: -Wl -v: 'linker' input unused [-Wunused-command-line-argument]]
  ignore line: [ "/Applications/Xcode.app/Contents/Developer/Toolchains/XcodeDefault.xctoolchain/usr/bin/clang" -cc1 -triple x86_64-apple-macosx12.1.0 -Wundef-prefix=TARGET_OS_ -Wdeprecated-objc-isa-usage -Werror=deprecated-objc-isa-usage -Werror=implicit-function-declaration -emit-obj -mrelax-all --mrelax-relocations -disable-free -disable-llvm-verifier -discard-value-names -main-file-name CMakeCCompilerABI.c -mrelocation-model pic -pic-level 2 -mframe-pointer=all -fno-strict-return -fno-rounding-math -munwind-tables -target-sdk-version=12.1 -fvisibility-inlines-hidden-static-local-var -target-cpu penryn -tune-cpu generic -debug-info-kind=standalone -dwarf-version=4 -debugger-tuning=lldb -target-linker-version 711 -v -resource-dir /Applications/Xcode.app/Contents/Developer/Toolchains/XcodeDefault.xctoolchain/usr/lib/clang/13.0.0 -dependency-file "/Users/andreweells/Dropbox/My Mac (Andrew’s MacBook Pro)/Documents/Class Files/2021-2022/SP22/CIS 308/6_PointersToPointers/Lab06/build/CMakeFiles/CMakeTmp/CMAKE_TRY_COMPILE.build/Debug/cmTC_b8767.build/Objects-normal/x86_64/CMakeCCompilerABI.d" -skip-unused-modulemap-deps -MT dependencies -isysroot /Applications/Xcode.app/Contents/Developer/Platforms/MacOSX.platform/Developer/SDKs/MacOSX12.1.sdk -D "CMAKE_INTDIR=\"Debug\"" -I "/Users/andreweells/Dropbox/My Mac (Andrew’s MacBook Pro)/Documents/Class Files/2021-2022/SP22/CIS 308/6_PointersToPointers/Lab06/build/CMakeFiles/CMakeTmp/Debug/include" -I "/Users/andreweells/Dropbox/My Mac (Andrew’s MacBook Pro)/Documents/Class Files/2021-2022/SP22/CIS 308/6_PointersToPointers/Lab06/build/CMakeFiles/CMakeTmp/CMAKE_TRY_COMPILE.build/Debug/cmTC_b8767.build/DerivedSources-normal/x86_64" -I "/Users/andreweells/Dropbox/My Mac (Andrew’s MacBook Pro)/Documents/Class Files/2021-2022/SP22/CIS 308/6_PointersToPointers/Lab06/build/CMakeFiles/CMakeTmp/CMAKE_TRY_COMPILE.build/Debug/cmTC_b8767.build/DerivedSources/x86_64" -I "/Users/andreweells/Dropbox/My Mac (Andrew’s MacBook Pro)/Documents/Class Files/2021-2022/SP22/CIS 308/6_PointersToPointers/Lab06/build/CMakeFiles/CMakeTmp/CMAKE_TRY_COMPILE.build/Debug/cmTC_b8767.build/DerivedSources" "-F/Users/andreweells/Dropbox/My Mac (Andrew\342\200\231s MacBook Pro)/Documents/Class Files/2021-2022/SP22/CIS 308/6_PointersToPointers/Lab06/build/CMakeFiles/CMakeTmp/Debug" -internal-isystem /Applications/Xcode.app/Contents/Developer/Platforms/MacOSX.platform/Developer/SDKs/MacOSX12.1.sdk/usr/local/include -internal-isystem /Applications/Xcode.app/Contents/Developer/Toolchains/XcodeDefault.xctoolchain/usr/lib/clang/13.0.0/include -internal-externc-isystem /Applications/Xcode.app/Contents/Developer/Platforms/MacOSX.platform/Developer/SDKs/MacOSX12.1.sdk/usr/include -internal-externc-isystem /Applications/Xcode.app/Contents/Developer/Toolchains/XcodeDefault.xctoolchain/usr/include -O0 -Wno-trigraphs -Wno-missing-field-initializers -Wno-missing-prototypes -Wno-return-type -Wno-missing-braces -Wparentheses -Wswitch -Wno-unused-function -Wno-unused-label -Wno-unused-parameter -Wno-unused-variable -Wunused-value -Wno-empty-body -Wno-uninitialized -Wno-unknown-pragmas -Wno-shadow -Wno-four-char-constants -Wno-conversion -Wno-constant-conversion -Wno-int-conversion -Wno-bool-conversion -Wno-enum-conversion -Wno-float-conversion -Wno-non-literal-null-conversion -Wno-objc-literal-conversion -Wno-shorten-64-to-32 -Wpointer-sign -Wno-newline-eof -Wdeprecated-declarations -Wno-sign-conversion -Wno-infinite-recursion -Wno-comma -Wno-block-capture-autoreleasing -Wno-strict-prototypes -Wno-semicolon-before-method-body -Wno-reorder-init-list -Wno-implicit-int-float-conversion -Wno-c99-designator -Wno-final-dtor-non-final-class -Wno-extra-semi-stmt -Wno-misleading-indentation -Wno-quoted-include-in-framework-header -Wno-implicit-fallthrough -Wno-enum-enum-conversion -Wno-enum-float-conversion -Wno-elaborated-enum-base -fdebug-compilation-dir "/Users/andreweells/Dropbox/My Mac (Andrew’s MacBook Pro)/Documents/Class Files/2021-2022/SP22/CIS 308/6_PointersToPointers/Lab06/build/CMakeFiles/CMakeTmp" -ferror-limit 19 -fmacro-backtrace-limit 0 -stack-protector 1 -fstack-check -mdarwin-stkchk-strong-link -fblocks -fencode-extended-block-signature -fregister-global-dtors-with-atexit -fgnuc-version=4.2.1 -fpascal-strings -fmax-type-align=16 -fcommon -fdiagnostics-show-note-include-stack -fasm-blocks -serialize-diagnostic-file "/Users/andreweells/Dropbox/My Mac (Andrew’s MacBook Pro)/Documents/Class Files/2021-2022/SP22/CIS 308/6_PointersToPointers/Lab06/build/CMakeFiles/CMakeTmp/CMAKE_TRY_COMPILE.build/Debug/cmTC_b8767.build/Objects-normal/x86_64/CMakeCCompilerABI.dia" -clang-vendor-feature=+nullptrToBoolConversion -clang-vendor-feature=+messageToSelfInClassMethodIdReturnType -clang-vendor-feature=+disableInferNewAvailabilityFromInit -clang-vendor-feature=+disableNeonImmediateRangeCheck -clang-vendor-feature=+disableNonDependentMemberExprInCurrentInstantiation -fno-odr-hash-protocols -clang-vendor-feature=+revert09abecef7bbf -mllvm -disable-aligned-alloc-awareness=1 -mllvm -enable-dse-memoryssa=0 -o "/Users/andreweells/Dropbox/My Mac (Andrew\342\200\231s MacBook Pro)/Documents/Class Files/2021-2022/SP22/CIS 308/6_PointersToPointers/Lab06/build/CMakeFiles/CMakeTmp/CMAKE_TRY_COMPILE.build/Debug/cmTC_b8767.build/Objects-normal/x86_64/CMakeCCompilerABI.o" -x c /Applications/CMake.app/Contents/share/cmake-3.21/Modules/CMakeCCompilerABI.c]
  ignore line: [clang -cc1 version 13.0.0 (clang-1300.0.29.30) default target x86_64-apple-darwin21.2.0]
  ignore line: [ignoring nonexistent directory "/Users/andreweells/Dropbox/My Mac (Andrew’s MacBook Pro)/Documents/Class Files/2021-2022/SP22/CIS 308/6_PointersToPointers/Lab06/build/CMakeFiles/CMakeTmp/Debug/include"]
  ignore line: [ignoring nonexistent directory "/Users/andreweells/Dropbox/My Mac (Andrew’s MacBook Pro)/Documents/Class Files/2021-2022/SP22/CIS 308/6_PointersToPointers/Lab06/build/CMakeFiles/CMakeTmp/CMAKE_TRY_COMPILE.build/Debug/cmTC_b8767.build/DerivedSources-normal/x86_64"]
  ignore line: [ignoring nonexistent directory "/Users/andreweells/Dropbox/My Mac (Andrew’s MacBook Pro)/Documents/Class Files/2021-2022/SP22/CIS 308/6_PointersToPointers/Lab06/build/CMakeFiles/CMakeTmp/CMAKE_TRY_COMPILE.build/Debug/cmTC_b8767.build/DerivedSources/x86_64"]
  ignore line: [ignoring nonexistent directory "/Users/andreweells/Dropbox/My Mac (Andrew’s MacBook Pro)/Documents/Class Files/2021-2022/SP22/CIS 308/6_PointersToPointers/Lab06/build/CMakeFiles/CMakeTmp/CMAKE_TRY_COMPILE.build/Debug/cmTC_b8767.build/DerivedSources"]
  ignore line: [ignoring nonexistent directory "/Applications/Xcode.app/Contents/Developer/Platforms/MacOSX.platform/Developer/SDKs/MacOSX12.1.sdk/usr/local/include"]
  ignore line: [ignoring nonexistent directory "/Applications/Xcode.app/Contents/Developer/Platforms/MacOSX.platform/Developer/SDKs/MacOSX12.1.sdk/Library/Frameworks"]
  ignore line: [#include "..." search starts here:]
  ignore line: [#include <...> search starts here:]
  ignore line: [ /Users/andreweells/Dropbox/My Mac (Andrew’s MacBook Pro)/Documents/Class Files/2021-2022/SP22/CIS 308/6_PointersToPointers/Lab06/build/CMakeFiles/CMakeTmp/Debug (framework directory)]
  ignore line: [ /Applications/Xcode.app/Contents/Developer/Toolchains/XcodeDefault.xctoolchain/usr/lib/clang/13.0.0/include]
  ignore line: [ /Applications/Xcode.app/Contents/Developer/Platforms/MacOSX.platform/Developer/SDKs/MacOSX12.1.sdk/usr/include]
  ignore line: [ /Applications/Xcode.app/Contents/Developer/Toolchains/XcodeDefault.xctoolchain/usr/include]
  ignore line: [ /Applications/Xcode.app/Contents/Developer/Platforms/MacOSX.platform/Developer/SDKs/MacOSX12.1.sdk/System/Library/Frameworks (framework directory)]
  ignore line: [End of search list.]
  ignore line: []
  ignore line: [Ld /Users/andreweells/Dropbox/My\ Mac\ (Andrew’s\ MacBook\ Pro)/Documents/Class\ Files/2021-2022/SP22/CIS\ 308/6_PointersToPointers/Lab06/build/CMakeFiles/CMakeTmp/Debug/cmTC_b8767 normal (in target 'cmTC_b8767' from project 'CMAKE_TRY_COMPILE')]
  ignore line: [    cd /Users/andreweells/Dropbox/My\ Mac\ \(Andrew’s\ MacBook\ Pro\)/Documents/Class\ Files/2021-2022/SP22/CIS\ 308/6_PointersToPointers/Lab06/build/CMakeFiles/CMakeTmp]
  ignore line: [    /Applications/Xcode.app/Contents/Developer/Toolchains/XcodeDefault.xctoolchain/usr/bin/clang -target x86_64-apple-macos12.1 -isysroot /Applications/Xcode.app/Contents/Developer/Platforms/MacOSX.platform/Developer/SDKs/MacOSX12.1.sdk -L/Users/andreweells/Dropbox/My\ Mac\ \(Andrew’s\ MacBook\ Pro\)/Documents/Class\ Files/2021-2022/SP22/CIS\ 308/6_PointersToPointers/Lab06/build/CMakeFiles/CMakeTmp/Debug -F/Users/andreweells/Dropbox/My\ Mac\ \(Andrew’s\ MacBook\ Pro\)/Documents/Class\ Files/2021-2022/SP22/CIS\ 308/6_PointersToPointers/Lab06/build/CMakeFiles/CMakeTmp/Debug -filelist /Users/andreweells/Dropbox/My\ Mac\ \(Andrew’s\ MacBook\ Pro\)/Documents/Class\ Files/2021-2022/SP22/CIS\ 308/6_PointersToPointers/Lab06/build/CMakeFiles/CMakeTmp/CMAKE_TRY_COMPILE.build/Debug/cmTC_b8767.build/Objects-normal/x86_64/cmTC_b8767.LinkFileList -Xlinker -object_path_lto -Xlinker /Users/andreweells/Dropbox/My\ Mac\ \(Andrew’s\ MacBook\ Pro\)/Documents/Class\ Files/2021-2022/SP22/CIS\ 308/6_PointersToPointers/Lab06/build/CMakeFiles/CMakeTmp/CMAKE_TRY_COMPILE.build/Debug/cmTC_b8767.build/Objects-normal/x86_64/cmTC_b8767_lto.o -Xlinker -no_deduplicate -v -Wl -v -Wl -search_paths_first -Wl -headerpad_max_install_names -Xlinker -dependency_info -Xlinker /Users/andreweells/Dropbox/My\ Mac\ \(Andrew’s\ MacBook\ Pro\)/Documents/Class\ Files/2021-2022/SP22/CIS\ 308/6_PointersToPointers/Lab06/build/CMakeFiles/CMakeTmp/CMAKE_TRY_COMPILE.build/Debug/cmTC_b8767.build/Objects-normal/x86_64/cmTC_b8767_dependency_info.dat -o /Users/andreweells/Dropbox/My\ Mac\ \(Andrew’s\ MacBook\ Pro\)/Documents/Class\ Files/2021-2022/SP22/CIS\ 308/6_PointersToPointers/Lab06/build/CMakeFiles/CMakeTmp/Debug/cmTC_b8767]
  ignore line: [Apple clang version 13.0.0 (clang-1300.0.29.30)]
  ignore line: [Target: x86_64-apple-macos12.1]
  ignore line: [Thread model: posix]
  ignore line: [InstalledDir: /Applications/Xcode.app/Contents/Developer/Toolchains/XcodeDefault.xctoolchain/usr/bin]
  link line: [ "/Applications/Xcode.app/Contents/Developer/Toolchains/XcodeDefault.xctoolchain/usr/bin/ld" -demangle -lto_library /Applications/Xcode.app/Contents/Developer/Toolchains/XcodeDefault.xctoolchain/usr/lib/libLTO.dylib -dynamic -arch x86_64 -platform_version macos 12.1.0 12.1 -syslibroot /Applications/Xcode.app/Contents/Developer/Platforms/MacOSX.platform/Developer/SDKs/MacOSX12.1.sdk -o "/Users/andreweells/Dropbox/My Mac (Andrew\342\200\231s MacBook Pro)/Documents/Class Files/2021-2022/SP22/CIS 308/6_PointersToPointers/Lab06/build/CMakeFiles/CMakeTmp/Debug/cmTC_b8767" "-L/Users/andreweells/Dropbox/My Mac (Andrew\342\200\231s MacBook Pro)/Documents/Class Files/2021-2022/SP22/CIS 308/6_PointersToPointers/Lab06/build/CMakeFiles/CMakeTmp/Debug" -filelist "/Users/andreweells/Dropbox/My Mac (Andrew’s MacBook Pro)/Documents/Class Files/2021-2022/SP22/CIS 308/6_PointersToPointers/Lab06/build/CMakeFiles/CMakeTmp/CMAKE_TRY_COMPILE.build/Debug/cmTC_b8767.build/Objects-normal/x86_64/cmTC_b8767.LinkFileList" -object_path_lto "/Users/andreweells/Dropbox/My Mac (Andrew’s MacBook Pro)/Documents/Class Files/2021-2022/SP22/CIS 308/6_PointersToPointers/Lab06/build/CMakeFiles/CMakeTmp/CMAKE_TRY_COMPILE.build/Debug/cmTC_b8767.build/Objects-normal/x86_64/cmTC_b8767_lto.o" -no_deduplicate -v -search_paths_first -headerpad_max_install_names -dependency_info "/Users/andreweells/Dropbox/My Mac (Andrew’s MacBook Pro)/Documents/Class Files/2021-2022/SP22/CIS 308/6_PointersToPointers/Lab06/build/CMakeFiles/CMakeTmp/CMAKE_TRY_COMPILE.build/Debug/cmTC_b8767.build/Objects-normal/x86_64/cmTC_b8767_dependency_info.dat" -lSystem /Applications/Xcode.app/Contents/Developer/Toolchains/XcodeDefault.xctoolchain/usr/lib/clang/13.0.0/lib/darwin/libclang_rt.osx.a "-F/Users/andreweells/Dropbox/My Mac (Andrew’s MacBook Pro)/Documents/Class Files/2021-2022/SP22/CIS 308/6_PointersToPointers/Lab06/build/CMakeFiles/CMakeTmp/Debug"]
    arg [/Applications/Xcode.app/Contents/Developer/Toolchains/XcodeDefault.xctoolchain/usr/bin/ld] ==> ignore
    arg [-demangle] ==> ignore
    arg [-lto_library] ==> ignore, skip following value
    arg [/Applications/Xcode.app/Contents/Developer/Toolchains/XcodeDefault.xctoolchain/usr/lib/libLTO.dylib] ==> skip value of -lto_library
    arg [-dynamic] ==> ignore
    arg [-arch] ==> ignore
    arg [x86_64] ==> ignore
    arg [-platform_version] ==> ignore
    arg [macos] ==> ignore
    arg [12.1.0] ==> ignore
    arg [12.1] ==> ignore
    arg [-syslibroot] ==> ignore
    arg [/Applications/Xcode.app/Contents/Developer/Platforms/MacOSX.platform/Developer/SDKs/MacOSX12.1.sdk] ==> ignore
    arg [-o] ==> ignore
    arg [/Users/andreweells/Dropbox/My Mac (Andrew342200231s MacBook Pro)/Documents/Class Files/2021-2022/SP22/CIS 308/6_PointersToPointers/Lab06/build/CMakeFiles/CMakeTmp/Debug/cmTC_b8767] ==> ignore
    arg [-L/Users/andreweells/Dropbox/My Mac (Andrew342200231s MacBook Pro)/Documents/Class Files/2021-2022/SP22/CIS 308/6_PointersToPointers/Lab06/build/CMakeFiles/CMakeTmp/Debug] ==> dir [/Users/andreweells/Dropbox/My Mac (Andrew342200231s MacBook Pro)/Documents/Class Files/2021-2022/SP22/CIS 308/6_PointersToPointers/Lab06/build/CMakeFiles/CMakeTmp/Debug]
    arg [-filelist] ==> ignore
    arg [/Users/andreweells/Dropbox/My Mac (Andrew’s MacBook Pro)/Documents/Class Files/2021-2022/SP22/CIS 308/6_PointersToPointers/Lab06/build/CMakeFiles/CMakeTmp/CMAKE_TRY_COMPILE.build/Debug/cmTC_b8767.build/Objects-normal/x86_64/cmTC_b8767.LinkFileList] ==> ignore
    arg [-object_path_lto] ==> ignore
    arg [/Users/andreweells/Dropbox/My Mac (Andrew’s MacBook Pro)/Documents/Class Files/2021-2022/SP22/CIS 308/6_PointersToPointers/Lab06/build/CMakeFiles/CMakeTmp/CMAKE_TRY_COMPILE.build/Debug/cmTC_b8767.build/Objects-normal/x86_64/cmTC_b8767_lto.o] ==> obj [/Users/andreweells/Dropbox/My Mac (Andrew’s MacBook Pro)/Documents/Class Files/2021-2022/SP22/CIS 308/6_PointersToPointers/Lab06/build/CMakeFiles/CMakeTmp/CMAKE_TRY_COMPILE.build/Debug/cmTC_b8767.build/Objects-normal/x86_64/cmTC_b8767_lto.o]
    arg [-no_deduplicate] ==> ignore
    arg [-v] ==> ignore
    arg [-search_paths_first] ==> ignore
    arg [-headerpad_max_install_names] ==> ignore
    arg [-dependency_info] ==> ignore
    arg [/Users/andreweells/Dropbox/My Mac (Andrew’s MacBook Pro)/Documents/Class Files/2021-2022/SP22/CIS 308/6_PointersToPointers/Lab06/build/CMakeFiles/CMakeTmp/CMAKE_TRY_COMPILE.build/Debug/cmTC_b8767.build/Objects-normal/x86_64/cmTC_b8767_dependency_info.dat] ==> ignore
    arg [-lSystem] ==> lib [System]
    arg [/Applications/Xcode.app/Contents/Developer/Toolchains/XcodeDefault.xctoolchain/usr/lib/clang/13.0.0/lib/darwin/libclang_rt.osx.a] ==> lib [/Applications/Xcode.app/Contents/Developer/Toolchains/XcodeDefault.xctoolchain/usr/lib/clang/13.0.0/lib/darwin/libclang_rt.osx.a]
    arg [-F/Users/andreweells/Dropbox/My Mac (Andrew’s MacBook Pro)/Documents/Class Files/2021-2022/SP22/CIS 308/6_PointersToPointers/Lab06/build/CMakeFiles/CMakeTmp/Debug] ==> ignore
  Library search paths: [;/Users/andreweells/Dropbox/My Mac (Andrew’s MacBook Pro)/Documents/Class Files/2021-2022/SP22/CIS 308/6_PointersToPointers/Lab06/build/CMakeFiles/CMakeTmp/Debug;/Applications/Xcode.app/Contents/Developer/Platforms/MacOSX.platform/Developer/SDKs/MacOSX12.1.sdk/usr/lib]
  Framework search paths: [;/Users/andreweells/Dropbox/My Mac (Andrew’s MacBook Pro)/Documents/Class Files/2021-2022/SP22/CIS 308/6_PointersToPointers/Lab06/build/CMakeFiles/CMakeTmp/Debug;/Applications/Xcode.app/Contents/Developer/Platforms/MacOSX.platform/Developer/SDKs/MacOSX12.1.sdk/System/Library/Frameworks/]
  remove lib [System]
  remove lib [/Applications/Xcode.app/Contents/Developer/Toolchains/XcodeDefault.xctoolchain/usr/lib/clang/13.0.0/lib/darwin/libclang_rt.osx.a]
  collapse library dir [/Users/andreweells/Dropbox/My Mac (Andrew342200231s MacBook Pro)/Documents/Class Files/2021-2022/SP22/CIS 308/6_PointersToPointers/Lab06/build/CMakeFiles/CMakeTmp/Debug] ==> [/Users/andreweells/Dropbox/My Mac (Andrew342200231s MacBook Pro)/Documents/Class Files/2021-2022/SP22/CIS 308/6_PointersToPointers/Lab06/build/CMakeFiles/CMakeTmp/Debug], skipping non-system directory
  collapse library dir [/Users/andreweells/Dropbox/My Mac (Andrew’s MacBook Pro)/Documents/Class Files/2021-2022/SP22/CIS 308/6_PointersToPointers/Lab06/build/CMakeFiles/CMakeTmp/Debug] ==> [/Users/andreweells/Dropbox/My Mac (Andrew’s MacBook Pro)/Documents/Class Files/2021-2022/SP22/CIS 308/6_PointersToPointers/Lab06/build/CMakeFiles/CMakeTmp/Debug], skipping non-system directory
  collapse library dir [/Applications/Xcode.app/Contents/Developer/Platforms/MacOSX.platform/Developer/SDKs/MacOSX12.1.sdk/usr/lib] ==> [/Applications/Xcode.app/Contents/Developer/Platforms/MacOSX.platform/Developer/SDKs/MacOSX12.1.sdk/usr/lib]
  collapse framework dir [/Users/andreweells/Dropbox/My Mac (Andrew’s MacBook Pro)/Documents/Class Files/2021-2022/SP22/CIS 308/6_PointersToPointers/Lab06/build/CMakeFiles/CMakeTmp/Debug] ==> [/Users/andreweells/Dropbox/My Mac (Andrew’s MacBook Pro)/Documents/Class Files/2021-2022/SP22/CIS 308/6_PointersToPointers/Lab06/build/CMakeFiles/CMakeTmp/Debug], skipping non-system directory
  collapse framework dir [/Applications/Xcode.app/Contents/Developer/Platforms/MacOSX.platform/Developer/SDKs/MacOSX12.1.sdk/System/Library/Frameworks/] ==> [/Applications/Xcode.app/Contents/Developer/Platforms/MacOSX.platform/Developer/SDKs/MacOSX12.1.sdk/System/Library/Frameworks]
  implicit libs: []
  implicit objs: [/Users/andreweells/Dropbox/My Mac (Andrew’s MacBook Pro)/Documents/Class Files/2021-2022/SP22/CIS 308/6_PointersToPointers/Lab06/build/CMakeFiles/CMakeTmp/CMAKE_TRY_COMPILE.build/Debug/cmTC_b8767.build/Objects-normal/x86_64/cmTC_b8767_lto.o]
  implicit dirs: [/Applications/Xcode.app/Contents/Developer/Platforms/MacOSX.platform/Developer/SDKs/MacOSX12.1.sdk/usr/lib]
  implicit fwks: [/Applications/Xcode.app/Contents/Developer/Platforms/MacOSX.platform/Developer/SDKs/MacOSX12.1.sdk/System/Library/Frameworks]


